[2021-02-14 10:11:14] main.ERROR: Could not validate a connection to Elasticsearch. No alive nodes found in your cluster
#0 /home/olehkhramtsov/Magento/Courses/mage2.4.1/setup/src/Magento/Setup/Model/SearchConfig.php(69): Magento\Setup\Model\SearchConfig->validateSearchEngine()
#1 /home/olehkhramtsov/Magento/Courses/mage2.4.1/setup/src/Magento/Setup/Model/Installer.php(1184): Magento\Setup\Model\SearchConfig->saveConfiguration(Array)
#2 [internal function]: Magento\Setup\Model\Installer->installSearchConfiguration(Array)
#3 /home/olehkhramtsov/Magento/Courses/mage2.4.1/setup/src/Magento/Setup/Model/Installer.php(388): call_user_func_array(Array, Array)
#4 /home/olehkhramtsov/Magento/Courses/mage2.4.1/setup/src/Magento/Setup/Console/Command/InstallCommand.php(231): Magento\Setup\Model\Installer->install(Array)
#5 /home/olehkhramtsov/Magento/Courses/mage2.4.1/vendor/symfony/console/Command/Command.php(255): Magento\Setup\Console\Command\InstallCommand->execute(Object(Symfony\Component\Console\Input\ArgvInput), Object(Symfony\Component\Console\Output\ConsoleOutput))
#6 /home/olehkhramtsov/Magento/Courses/mage2.4.1/vendor/symfony/console/Application.php(1009): Symfony\Component\Console\Command\Command->run(Object(Symfony\Component\Console\Input\ArgvInput), Object(Symfony\Component\Console\Output\ConsoleOutput))
#7 /home/olehkhramtsov/Magento/Courses/mage2.4.1/vendor/symfony/console/Application.php(273): Symfony\Component\Console\Application->doRunCommand(Object(Magento\Setup\Console\Command\InstallCommand), Object(Symfony\Component\Console\Input\ArgvInput), Object(Symfony\Component\Console\Output\ConsoleOutput))
#8 /home/olehkhramtsov/Magento/Courses/mage2.4.1/vendor/magento/framework/Console/Cli.php(115): Symfony\Component\Console\Application->doRun(Object(Symfony\Component\Console\Input\ArgvInput), Object(Symfony\Component\Console\Output\ConsoleOutput))
#9 /home/olehkhramtsov/Magento/Courses/mage2.4.1/vendor/symfony/console/Application.php(149): Magento\Framework\Console\Cli->doRun(Object(Symfony\Component\Console\Input\ArgvInput), Object(Symfony\Component\Console\Output\ConsoleOutput))
#10 /home/olehkhramtsov/Magento/Courses/mage2.4.1/bin/magento(23): Symfony\Component\Console\Application->run()
#11 {main} [] []
[2021-02-14 10:12:31] main.ERROR: Could not validate a connection to Elasticsearch. No alive nodes found in your cluster
#0 /home/olehkhramtsov/Magento/Courses/mage2.4.1/setup/src/Magento/Setup/Model/SearchConfig.php(69): Magento\Setup\Model\SearchConfig->validateSearchEngine()
#1 /home/olehkhramtsov/Magento/Courses/mage2.4.1/setup/src/Magento/Setup/Model/Installer.php(1184): Magento\Setup\Model\SearchConfig->saveConfiguration(Array)
#2 [internal function]: Magento\Setup\Model\Installer->installSearchConfiguration(Array)
#3 /home/olehkhramtsov/Magento/Courses/mage2.4.1/setup/src/Magento/Setup/Model/Installer.php(388): call_user_func_array(Array, Array)
#4 /home/olehkhramtsov/Magento/Courses/mage2.4.1/setup/src/Magento/Setup/Console/Command/InstallCommand.php(231): Magento\Setup\Model\Installer->install(Array)
#5 /home/olehkhramtsov/Magento/Courses/mage2.4.1/vendor/symfony/console/Command/Command.php(255): Magento\Setup\Console\Command\InstallCommand->execute(Object(Symfony\Component\Console\Input\ArgvInput), Object(Symfony\Component\Console\Output\ConsoleOutput))
#6 /home/olehkhramtsov/Magento/Courses/mage2.4.1/vendor/symfony/console/Application.php(1009): Symfony\Component\Console\Command\Command->run(Object(Symfony\Component\Console\Input\ArgvInput), Object(Symfony\Component\Console\Output\ConsoleOutput))
#7 /home/olehkhramtsov/Magento/Courses/mage2.4.1/vendor/symfony/console/Application.php(273): Symfony\Component\Console\Application->doRunCommand(Object(Magento\Setup\Console\Command\InstallCommand), Object(Symfony\Component\Console\Input\ArgvInput), Object(Symfony\Component\Console\Output\ConsoleOutput))
#8 /home/olehkhramtsov/Magento/Courses/mage2.4.1/vendor/magento/framework/Console/Cli.php(115): Symfony\Component\Console\Application->doRun(Object(Symfony\Component\Console\Input\ArgvInput), Object(Symfony\Component\Console\Output\ConsoleOutput))
#9 /home/olehkhramtsov/Magento/Courses/mage2.4.1/vendor/symfony/console/Application.php(149): Magento\Framework\Console\Cli->doRun(Object(Symfony\Component\Console\Input\ArgvInput), Object(Symfony\Component\Console\Output\ConsoleOutput))
#10 /home/olehkhramtsov/Magento/Courses/mage2.4.1/bin/magento(23): Symfony\Component\Console\Application->run()
#11 {main} [] []
[2021-02-14 10:35:36] main.ERROR: NOTE: Manual static content deployment is not required in "default" and "developer" modes.
In "default" and "developer" modes static contents are being deployed automatically on demand.
If you still want to deploy in these modes, use -f option: 'bin/magento setup:static-content:deploy -f'
#0 /home/olehkhramtsov/Magento/Courses/mage2.4.1/setup/src/Magento/Setup/Console/Command/DeployStaticContentCommand.php(112): Magento\Setup\Console\Command\DeployStaticContentCommand->checkAppMode(Object(Symfony\Component\Console\Input\ArgvInput))
#1 /home/olehkhramtsov/Magento/Courses/mage2.4.1/vendor/symfony/console/Command/Command.php(255): Magento\Setup\Console\Command\DeployStaticContentCommand->execute(Object(Symfony\Component\Console\Input\ArgvInput), Object(Symfony\Component\Console\Output\ConsoleOutput))
#2 /home/olehkhramtsov/Magento/Courses/mage2.4.1/vendor/symfony/console/Application.php(1009): Symfony\Component\Console\Command\Command->run(Object(Symfony\Component\Console\Input\ArgvInput), Object(Symfony\Component\Console\Output\ConsoleOutput))
#3 /home/olehkhramtsov/Magento/Courses/mage2.4.1/vendor/symfony/console/Application.php(273): Symfony\Component\Console\Application->doRunCommand(Object(Magento\Setup\Console\Command\DeployStaticContentCommand), Object(Symfony\Component\Console\Input\ArgvInput), Object(Symfony\Component\Console\Output\ConsoleOutput))
#4 /home/olehkhramtsov/Magento/Courses/mage2.4.1/vendor/magento/framework/Console/Cli.php(115): Symfony\Component\Console\Application->doRun(Object(Symfony\Component\Console\Input\ArgvInput), Object(Symfony\Component\Console\Output\ConsoleOutput))
#5 /home/olehkhramtsov/Magento/Courses/mage2.4.1/vendor/symfony/console/Application.php(149): Magento\Framework\Console\Cli->doRun(Object(Symfony\Component\Console\Input\ArgvInput), Object(Symfony\Component\Console\Output\ConsoleOutput))
#6 /home/olehkhramtsov/Magento/Courses/mage2.4.1/bin/magento(23): Symfony\Component\Console\Application->run()
#7 {main} [] []
[2021-02-14 10:40:45] main.WARNING: Memory size allocated for the temporary table is more than 20% of innodb_buffer_pool_size. Please update innodb_buffer_pool_size or decrease batch size value (which decreases memory usages for the temporary table). Current batch size: 100000; Allocated memory size: 50000000 bytes; InnoDB buffer pool size: 134217728 bytes. [] []
[2021-02-14 10:40:45] main.WARNING: Memory size allocated for the temporary table is more than 20% of innodb_buffer_pool_size. Please update innodb_buffer_pool_size or decrease batch size value (which decreases memory usages for the temporary table). Current batch size: 100000; Allocated memory size: 50000000 bytes; InnoDB buffer pool size: 134217728 bytes. [] []
[2021-02-14 10:40:45] main.WARNING: Memory size allocated for the temporary table is more than 20% of innodb_buffer_pool_size. Please update innodb_buffer_pool_size or decrease batch size value (which decreases memory usages for the temporary table). Current batch size: 100000; Allocated memory size: 50000000 bytes; InnoDB buffer pool size: 134217728 bytes. [] []
[2021-02-14 10:40:46] main.WARNING: Memory size allocated for the temporary table is more than 20% of innodb_buffer_pool_size. Please update innodb_buffer_pool_size or decrease batch size value (which decreases memory usages for the temporary table). Current batch size: 100000; Allocated memory size: 50000000 bytes; InnoDB buffer pool size: 134217728 bytes. [] []
[2021-02-14 10:40:46] main.WARNING: Memory size allocated for the temporary table is more than 20% of innodb_buffer_pool_size. Please update innodb_buffer_pool_size or decrease batch size value (which decreases memory usages for the temporary table). Current batch size: 100000; Allocated memory size: 50000000 bytes; InnoDB buffer pool size: 134217728 bytes. [] []
[2021-02-14 10:40:46] main.WARNING: Memory size allocated for the temporary table is more than 20% of innodb_buffer_pool_size. Please update innodb_buffer_pool_size or decrease batch size value (which decreases memory usages for the temporary table). Current batch size: 100000; Allocated memory size: 50000000 bytes; InnoDB buffer pool size: 134217728 bytes. [] []
[2021-02-14 10:40:54] main.WARNING: Memory size allocated for the temporary table is more than 20% of innodb_buffer_pool_size. Please update innodb_buffer_pool_size or decrease batch size value (which decreases memory usages for the temporary table). Current batch size: 3334; Allocated memory size: 40008000 bytes; InnoDB buffer pool size: 134217728 bytes. [] []
